<?xml version="1.0" encoding="UTF-8"?>
<!-- Generated by org.testng.reporters.JUnitReportReporter -->
<testsuite hostname="indhu" failures="0" tests="1" name="pages.register" time="0.017" errors="0" timestamp="2021-02-15T12:21:13 IST" skipped="0">
  <testcase classname="pages.register" name="f" time="0.017"/>
  <system-out/>
</testsuite> <!-- pages.register -->
