<?xml version="1.0" encoding="UTF-8"?>
<!-- Generated by org.testng.reporters.JUnitReportReporter -->
<testsuite hostname="indhu" failures="0" tests="1" name="pages.page1_register" time="0.017" errors="0" timestamp="2021-02-12T08:33:31 IST" skipped="0">
  <testcase classname="pages.page1_register" name="register1" time="0.017"/>
  <system-out/>
</testsuite> <!-- pages.page1_register -->
