<?xml version="1.0" encoding="UTF-8"?>
<!-- Generated by org.testng.reporters.JUnitReportReporter -->
<testsuite hostname="indhu" failures="0" tests="1" name="pages.page6_wishlist" time="0.002" errors="0" timestamp="2021-02-12T08:33:31 IST" skipped="0">
  <testcase classname="pages.page6_wishlist" name="wishlist6" time="0.002"/>
  <system-out/>
</testsuite> <!-- pages.page6_wishlist -->
