<?xml version="1.0" encoding="UTF-8"?>
<!-- Generated by org.testng.reporters.JUnitReportReporter -->
<testsuite hostname="indhu" failures="0" tests="1" name="pages.search" time="0.003" errors="0" timestamp="2021-02-12T08:25:57 IST" skipped="0">
  <testcase classname="pages.search" name="search7" time="0.003"/>
  <system-out/>
</testsuite> <!-- pages.search -->
