<?xml version="1.0" encoding="UTF-8"?>
<!-- Generated by org.testng.reporters.JUnitReportReporter -->
<testsuite hostname="indhu" failures="0" tests="1" name="pages.page7_search" time="0.003" errors="0" timestamp="2021-02-12T08:33:31 IST" skipped="0">
  <testcase classname="pages.page7_search" name="search7" time="0.003"/>
  <system-out/>
</testsuite> <!-- pages.page7_search -->
