<?xml version="1.0" encoding="UTF-8"?>
<!-- Generated by org.testng.reporters.JUnitReportReporter -->
<testsuite hostname="indhu" failures="0" tests="1" name="pages.checkout" time="0.016" errors="0" timestamp="2021-02-12T08:26:30 IST" skipped="0">
  <testcase classname="pages.checkout" name="checkout4" time="0.016"/>
  <system-out/>
</testsuite> <!-- pages.checkout -->
