<?xml version="1.0" encoding="UTF-8"?>
<!-- Generated by org.testng.reporters.JUnitReportReporter -->
<testsuite hostname="indhu" failures="0" tests="1" name="pages.invalidregistration" time="0.004" errors="0" timestamp="2021-02-12T08:25:57 IST" skipped="0">
  <testcase classname="pages.invalidregistration" name="invalidregistration2" time="0.004"/>
  <system-out/>
</testsuite> <!-- pages.invalidregistration -->
